Jordi Boix Baró EMAIL jboixbaro@gmail.com
Jordi Boix Baró EMAIL jordibcn@java.io
Esther Sanchez EMAIL esther.sanchez@copernic.cat
Ilanit Cisneros Cordero NUM 713753830
Ilanit Cisneros Cordero EMAIL cisnerosCordero@superrito.com
Ilanit Cisneros Cordero EMAIL ilanit@cordero.com
Raúl González Saldaña NUM 606569368
Raúl González Saldaña EMAIL rgonzale18@jaumebalmes.net
Sergi Perelló EMAIL sergi.perello@java.io
Gastón Santiago Rossi NUM 687458547
Sebastián Alzate Hernández NUM 666434503
Sebastián Alzate Hernández EMAIL salzate18@jaumebalmes.net
Aina Suàrez Romagossa NUM 926345123
Aina Suàrez Romagossa EMAIL aina1998@coldmail.com
Miquel Lechuga Sanz NUM 684.315.726
Marc Petit NUM +34 661687689
Marc Petit NUM 926345123
Marc Petit EMAIL marc.petit@mataro.epiaedu.cat
Marc Petit EMAIL marc96@yahoo.es
Iqra Zafar EMAIL isharif18@jaumebalmes.net
